<?xml version="1.0" encoding="UTF-8"?>
<!-- Generated by org.testng.reporters.JUnitReportReporter -->
<testsuite hostname="DESKTOP-1SFM1CA" name="TestPages_Package.Search_Page_test" tests="2" failures="0" timestamp="24 May 2019 08:46:19 GMT" time="1.127" errors="0">
  <testcase name="verify_ListPrices" time="1.097" classname="TestPages_Package.Search_Page_test"/>
  <testcase name="verify_selectItem" time="0.030" classname="TestPages_Package.Search_Page_test"/>
</testsuite> <!-- TestPages_Package.Search_Page_test -->
