<?xml version="1.0" encoding="UTF-8"?>
<!-- Generated by org.testng.reporters.JUnitReportReporter -->
<testsuite hostname="DESKTOP-1SFM1CA" name="TestPages_Package.Zoopla_HomePage_Test" tests="1" failures="0" timestamp="23 May 2019 11:42:16 GMT" time="10.723" errors="0">
  <testcase name="searching_test" time="10.723" classname="TestPages_Package.Zoopla_HomePage_Test"/>
</testsuite> <!-- TestPages_Package.Zoopla_HomePage_Test -->
